<?xml version="1.0" encoding="UTF-8"?>
<!-- Generated by org.testng.reporters.JUnitReportReporter -->
<testsuite skipped="0" hostname="evAbhijit" name="com.AutomationTalks.demoproject1.testClass1" tests="1" failures="0" timestamp="07 Feb 2020 06:09:31 GMT" time="39.169" errors="0">
  <testcase name="test1" time="39.169" classname="com.AutomationTalks.demoproject1.testClass1"/>
</testsuite> <!-- com.AutomationTalks.demoproject1.testClass1 -->
